<?xml version="1.0" encoding="UTF-8"?>
<testng-results ignored="0" total="2" passed="2" failed="0" skipped="0">
  <reporter-output>
  </reporter-output>
  <suite started-at="2024-09-20T19:07:43 IST" name="Master Suite" finished-at="2024-09-20T19:07:56 IST" duration-ms="12551">
    <groups>
      <group name="Master">
        <method signature="TC001_AccountRegistrationTest.varify_account_registration()[pri:0, instance:testCases.TC001_AccountRegistrationTest@1e44b638]" name="varify_account_registration" class="testCases.TC001_AccountRegistrationTest"/>
        <method signature="TC002_LoginTest.varify_login()[pri:0, instance:testCases.TC002_LoginTest@3688eb5b]" name="varify_login" class="testCases.TC002_LoginTest"/>
      </group> <!-- Master -->
      <group name="Sanity">
        <method signature="TC002_LoginTest.varify_login()[pri:0, instance:testCases.TC002_LoginTest@3688eb5b]" name="varify_login" class="testCases.TC002_LoginTest"/>
      </group> <!-- Sanity -->
      <group name="Regression">
        <method signature="TC001_AccountRegistrationTest.varify_account_registration()[pri:0, instance:testCases.TC001_AccountRegistrationTest@1e44b638]" name="varify_account_registration" class="testCases.TC001_AccountRegistrationTest"/>
      </group> <!-- Regression -->
    </groups>
    <test started-at="2024-09-20T19:07:43 IST" name="Test" finished-at="2024-09-20T19:07:56 IST" duration-ms="12551">
      <class name="testCases.TC002_LoginTest">
        <test-method is-config="true" signature="setup(java.lang.String,java.lang.String)[pri:0, instance:testCases.TC002_LoginTest@3688eb5b]" started-at="2024-09-20T19:07:51 IST" name="setup" finished-at="2024-09-20T19:07:54 IST" duration-ms="3018" status="PASS">
          <params>
            <param index="0">
              <value>
                <![CDATA[Windows]]>
              </value>
            </param>
            <param index="1">
              <value>
                <![CDATA[chrome]]>
              </value>
            </param>
          </params>
          <reporter-output>
          </reporter-output>
        </test-method> <!-- setup -->
        <test-method signature="varify_login()[pri:0, instance:testCases.TC002_LoginTest@3688eb5b]" started-at="2024-09-20T19:07:54 IST" name="varify_login" finished-at="2024-09-20T19:07:56 IST" duration-ms="1786" status="PASS">
          <reporter-output>
          </reporter-output>
        </test-method> <!-- varify_login -->
        <test-method is-config="true" signature="tearDown()[pri:0, instance:testCases.TC002_LoginTest@3688eb5b]" started-at="2024-09-20T19:07:56 IST" name="tearDown" finished-at="2024-09-20T19:07:56 IST" duration-ms="302" status="PASS">
          <reporter-output>
          </reporter-output>
        </test-method> <!-- tearDown -->
      </class> <!-- testCases.TC002_LoginTest -->
      <class name="testCases.TC001_AccountRegistrationTest">
        <test-method is-config="true" signature="setup(java.lang.String,java.lang.String)[pri:0, instance:testCases.TC001_AccountRegistrationTest@1e44b638]" started-at="2024-09-20T19:07:44 IST" name="setup" finished-at="2024-09-20T19:07:48 IST" duration-ms="4216" status="PASS">
          <params>
            <param index="0">
              <value>
                <![CDATA[Windows]]>
              </value>
            </param>
            <param index="1">
              <value>
                <![CDATA[chrome]]>
              </value>
            </param>
          </params>
          <reporter-output>
          </reporter-output>
        </test-method> <!-- setup -->
        <test-method signature="varify_account_registration()[pri:0, instance:testCases.TC001_AccountRegistrationTest@1e44b638]" started-at="2024-09-20T19:07:48 IST" name="varify_account_registration" finished-at="2024-09-20T19:07:51 IST" duration-ms="2630" status="PASS">
          <reporter-output>
          </reporter-output>
        </test-method> <!-- varify_account_registration -->
        <test-method is-config="true" signature="tearDown()[pri:0, instance:testCases.TC001_AccountRegistrationTest@1e44b638]" started-at="2024-09-20T19:07:51 IST" name="tearDown" finished-at="2024-09-20T19:07:51 IST" duration-ms="234" status="PASS">
          <reporter-output>
          </reporter-output>
        </test-method> <!-- tearDown -->
      </class> <!-- testCases.TC001_AccountRegistrationTest -->
    </test> <!-- Test -->
  </suite> <!-- Master Suite -->
</testng-results>
